#
# A fatal error has been detected by the Java Runtime Environment:
#
#  EXCEPTION_ACCESS_VIOLATION (0xc0000005) at pc=0x00000233be2e9746, pid=7424, tid=9808
#
# JRE version: OpenJDK Runtime Environment Temurin-17.0.12+7 (17.0.12+7) (build 17.0.12+7)
# Java VM: OpenJDK 64-Bit Server VM Temurin-17.0.12+7 (17.0.12+7, mixed mode, tiered, compressed oops, compressed class ptrs, parallel gc, windows-amd64)
# Problematic frame:
# j  org.eclipse.jdt.ls.core.internal.handlers.InlayHintVisitor.resolveInlayHints(Lorg/eclipse/jdt/core/dom/IMethodBinding;Ljava/util/List;)V+105
#
# No core dump will be written. Minidumps are not enabled by default on client versions of Windows
#
# If you would like to submit a bug report, please visit:
#   https://github.com/adoptium/adoptium-support/issues
#

---------------  S U M M A R Y ------------

Command Line: --add-modules=ALL-SYSTEM --add-opens=java.base/java.util=ALL-UNNAMED --add-opens=java.base/java.lang=ALL-UNNAMED --add-opens=java.base/sun.nio.fs=ALL-UNNAMED -Declipse.application=org.eclipse.jdt.ls.core.id1 -Dosgi.bundles.defaultStartLevel=4 -Declipse.product=org.eclipse.jdt.ls.core.product -Djava.import.generatesMetadataFilesAtProjectRoot=false -DDetectVMInstallationsJob.disabled=true -Dfile.encoding=utf8 -XX:+UseParallelGC -XX:GCTimeRatio=4 -XX:AdaptiveSizePolicyWeight=90 -Dsun.zip.disableMemoryMapping=true -Xmx1G -Xms100m -Xlog:disable -javaagent:c:\Users\Leandro Gomes\.vscode\extensions\redhat.java-1.34.0-win32-x64\lombok\lombok-1.18.33.jar -XX:+HeapDumpOnOutOfMemoryError -XX:HeapDumpPath=c:\Users\Leandro Gomes\AppData\Roaming\Code\User\workspaceStorage\c661bc81296b7debc12a137b877fb620\redhat.java -Daether.dependencyCollector.impl=bf c:\Users\Leandro Gomes\.vscode\extensions\redhat.java-1.34.0-win32-x64\server\plugins\org.eclipse.equinox.launcher_1.6.900.v20240613-2009.jar -configuration c:\Users\Leandro Gomes\AppData\Roaming\Code\User\globalStorage\redhat.java\1.34.0\config_win -data c:\Users\Leandro Gomes\AppData\Roaming\Code\User\workspaceStorage\c661bc81296b7debc12a137b877fb620\redhat.java\jdt_ws --pipe=\\.\pipe\lsp-ca8262c5800c564fbd7d0876f5381637-sock

Host: Intel(R) Core(TM) i3-2350M CPU @ 2.30GHz, 4 cores, 3G,  Windows 10 , 64 bit Build 19041 (10.0.19041.3636)
Time: Sun Sep  8 18:52:15 2024 Hora oficial do Brasil elapsed time: 1247.569207 seconds (0d 0h 20m 47s)

---------------  T H R E A D  ---------------

Current thread (0x00000233cf204190):  JavaThread "ForkJoinPool.commonPool-worker-5" daemon [_thread_in_Java, id=9808, stack(0x000000ea08800000,0x000000ea08900000)]

Stack: [0x000000ea08800000,0x000000ea08900000],  sp=0x000000ea088fdce8,  free space=1015k
Native frames: (J=compiled Java code, j=interpreted, Vv=VM code, C=native code)
C  0x00000233be2e9746

The last pc belongs to invokevirtual (printed below).

siginfo: EXCEPTION_ACCESS_VIOLATION (0xc0000005), reading address 0xffffffffffffffff


Registers:
RAX=0x0000000000000000, RBX=0x00000233cbc1d078, RCX=0x00000000eabf5358, RDX=0x0000000010100003
RSP=0x000000ea088fdce8, RBP=0x000000ea088fdd50, RSI=0x00000000c4a90b88, RDI=0x00000233de007c20
R8 =0x0000000000000000, R9 =0x0000000000000001, R10=0x00007ff8309ce1a0, R11=0x00000233b808dae0
R12=0x0000000000000000, R13=0x000000ea088fdcf0, R14=0x000000ea088fdda8, R15=0x00000233cf204190
RIP=0x00000233be2e9746, EFLAGS=0x0000000000010246


Register to memory mapping:

RIP=0x00000233be2e9746 is at code_begin+710 in an Interpreter codelet
invokevirtual  182 invokevirtual  [0x00000233be2e9480, 0x00000233be2e9960]  1248 bytes
RAX=0x0 is NULL
RBX=0x00000233cbc1d078 is pointing into metadata
RCX=0x00000000eabf5358 is an oop: org.eclipse.jdt.ls.core.internal.handlers.InlayHintVisitor 
{0x00000000eabf5358} - klass: 'org/eclipse/jdt/ls/core/internal/handlers/InlayHintVisitor'
 - ---- fields (total size 5 words):
 - private final 'visitDocTags' 'Z' @12  false
 - private 'startOffset' 'I' @16  3041 (be1)
 - private 'endOffset' 'I' @20  5626 (15fa)
 - private 'hints' 'Ljava/util/List;' @24  a 'java/util/ArrayList'{0x00000000eabf5380} (eabf5380)
 - private 'typeRoot' 'Lorg/eclipse/jdt/core/ITypeRoot;' @28  a 'org/eclipse/jdt/internal/core/CompilationUnit'{0x00000000eabf5318} (eabf5318)
 - private 'preferenceManager' 'Lorg/eclipse/jdt/ls/core/internal/preferences/PreferenceManager;' @32  a 'org/eclipse/jdt/ls/core/internal/preferences/StandardPreferenceManager'{0x00000000c0ce4c18} (c0ce4c18)
RDX=0x0000000010100003 is an unknown value
RSP=0x000000ea088fdce8 is pointing into the stack for thread: 0x00000233cf204190
RBP=0x000000ea088fdd50 is pointing into the stack for thread: 0x00000233cf204190
RSI=0x00000000c4a90b88 is an oop: java.util.ArrayList 
{0x00000000c4a90b88} - klass: 'java/util/ArrayList'
 - ---- fields (total size 3 words):
 - protected transient 'modCount' 'I' @12  1
 - private 'size' 'I' @16  1
 - transient 'elementData' '[Ljava/lang/Object;' @20  a 'java/lang/Object'[1] {0x00000000c4a90ba0} (c4a90ba0)
RDI=0x00000233de007c20 is pointing into metadata
R8 =0x0 is NULL
R9 =0x0000000000000001 is an unknown value
R10=0x00007ff8309ce1a0 jvm.dll
R11=0x00000233b808dae0 is at entry_point+32 in (nmethod*)0x00000233b808d910
Compiled method (c1) 1247735 9922       2       org.eclipse.jdt.core.dom.ASTNode$NodeList::get (9 bytes)
 total in heap  [0x00000233b808d910,0x00000233b808ddc0] = 1200
 relocation     [0x00000233b808da68,0x00000233b808daa8] = 64
 main code      [0x00000233b808dac0,0x00000233b808dc20] = 352
 stub code      [0x00000233b808dc20,0x00000233b808dc68] = 72
 oops           [0x00000233b808dc68,0x00000233b808dc70] = 8
 metadata       [0x00000233b808dc70,0x00000233b808dca0] = 48
 scopes data    [0x00000233b808dca0,0x00000233b808dcf0] = 80
 scopes pcs     [0x00000233b808dcf0,0x00000233b808dd80] = 144
 dependencies   [0x00000233b808dd80,0x00000233b808dd98] = 24
 nul chk table  [0x00000233b808dd98,0x00000233b808ddc0] = 40
R12=0x0 is NULL
R13=0x000000ea088fdcf0 is pointing into the stack for thread: 0x00000233cf204190
R14=0x000000ea088fdda8 is pointing into the stack for thread: 0x00000233cf204190
R15=0x00000233cf204190 is a thread


Top of Stack: (sp=0x000000ea088fdce8)
0x000000ea088fdce8:   00000233be2d9622 00000000eabfa668
0x000000ea088fdcf8:   00000000c4a90bb8 00000000eabf5358
0x000000ea088fdd08:   000000ea088fdd08 00000233cbc1cb79
0x000000ea088fdd18:   000000ea088fdda8 00000233de0bd020
0x000000ea088fdd28:   0000000000000000 00000000c28517b0
0x000000ea088fdd38:   00000233cbc1ccb8 000000ea088fdcf0
0x000000ea088fdd48:   000000ea088fdd98 000000ea088fddf8
0x000000ea088fdd58:   00000233be2d950e 0000000000000000
0x000000ea088fdd68:   0000000000000000 0000000000000000
0x000000ea088fdd78:   00000000c4a90bb8 0000000000000000
0x000000ea088fdd88:   0000000000000001 00000000eabfa650
0x000000ea088fdd98:   00000000c4a90b68 00000000c5a9a300
0x000000ea088fdda8:   00000000eabf5358 000000ea088fddb0
0x000000ea088fddb8:   00000233cbc1c52b 000000ea088fde10
0x000000ea088fddc8:   00000233de0bd020 0000000000000000
0x000000ea088fddd8:   00000000c28517b0 00000233cbc1c558
0x000000ea088fdde8:   000000ea088fdd98 000000ea088fde20
0x000000ea088fddf8:   00000000eabf5358 00000233b7e46c2c
0x000000ea088fde08:   00000000c4a90978 00000000eabf5358
0x000000ea088fde18:   00000233b7e46c2c 00000000eabf5358
0x000000ea088fde28:   00000233b6f8e864 00000000c4a90978
0x000000ea088fde38:   00000233cb88cc98 0000000000000000
0x000000ea088fde48:   000000ea088fde80 00000000c4a90940
0x000000ea088fde58:   00000000c4a90978 00000000eabf5358
0x000000ea088fde68:   00000000c4a91f38 00000000eabf5358
0x000000ea088fde78:   00000233bed8d314 00000000c4a90978
0x000000ea088fde88:   00000233b7dc4704 00000000eabf5358
0x000000ea088fde98:   00000233b7dc68a4 00000000eabf5358
0x000000ea088fdea8:   00000233b7f73bfc 00000000eabf8c08
0x000000ea088fdeb8:   00000000eabf8bf0 00000000c4a90940
0x000000ea088fdec8:   0000000000000009 00000000c4a91018
0x000000ea088fded8:   000000ea088fded8 000000ea088fe090 

Instructions: (pc=0x00000233be2e9746)
0x00000233be2e9646:   6d 08 49 c1 e5 03 4d 8b d5 4c 33 68 08 49 f7 c5
0x00000233be2e9656:   fc ff ff ff 74 38 49 f7 c5 02 00 00 00 75 2f 48
0x00000233be2e9666:   81 78 08 00 00 00 00 74 21 48 81 78 08 01 00 00
0x00000233be2e9676:   00 74 17 4d 8b ea 4c 33 68 08 49 f7 c5 fc ff ff
0x00000233be2e9686:   ff 74 0b 48 83 48 08 02 eb 04 4c 89 68 08 48 83
0x00000233be2e9696:   c0 10 4c 8b 68 e8 41 83 ed 02 41 83 fd 02 0f 8c
0x00000233be2e96a6:   88 00 00 00 4c 8b 6b 08 45 0f b7 6d 2c 4c 2b 28
0x00000233be2e96b6:   41 83 ed 01 4e 8b 6c ec 08 4d 85 ed 75 12 48 f7
0x00000233be2e96c6:   40 08 01 00 00 00 75 58 f0 48 83 48 08 01 eb 50
0x00000233be2e96d6:   45 8b 6d 08 49 c1 e5 03 4d 8b d5 4c 33 68 08 49
0x00000233be2e96e6:   f7 c5 fc ff ff ff 74 38 49 f7 c5 02 00 00 00 75
0x00000233be2e96f6:   2f 48 81 78 08 00 00 00 00 74 21 48 81 78 08 01
0x00000233be2e9706:   00 00 00 74 17 4d 8b ea 4c 33 68 08 49 f7 c5 fc
0x00000233be2e9716:   ff ff ff 74 0b 48 83 48 08 02 eb 04 4c 89 68 08
0x00000233be2e9726:   48 83 c0 10 4c 8b 68 d8 41 83 ed 04 41 c1 e5 03
0x00000233be2e9736:   49 03 c5 48 89 45 d8 4c 8d 6c 24 08 4c 89 6d f0
0x00000233be2e9746:   ff 63 50 8b 41 08 48 c1 e0 03 4c 8b 75 d8 4d 85
0x00000233be2e9756:   f6 0f 84 95 00 00 00 49 8b 56 18 48 3b d0 0f 85
0x00000233be2e9766:   0f 00 00 00 49 83 46 20 01 49 83 5e 20 00 e9 71
0x00000233be2e9776:   00 00 00 48 85 d2 0f 84 42 00 00 00 49 8b 56 28
0x00000233be2e9786:   48 3b d0 0f 85 0f 00 00 00 49 83 46 30 01 49 83
0x00000233be2e9796:   5e 30 00 e9 4c 00 00 00 48 85 d2 74 0f 49 83 46
0x00000233be2e97a6:   08 01 49 83 5e 08 00 e9 38 00 00 00 49 89 46 28
0x00000233be2e97b6:   ba 01 00 00 00 49 89 56 30 e9 26 00 00 00 49 3b
0x00000233be2e97c6:   46 28 0f 85 0f 00 00 00 49 83 46 30 01 49 83 5e
0x00000233be2e97d6:   30 00 e9 0d 00 00 00 49 89 46 18 ba 01 00 00 00
0x00000233be2e97e6:   49 89 56 20 49 83 c6 38 4c 89 75 d8 48 8b 9c d8
0x00000233be2e97f6:   c8 01 00 00 48 8b 55 d8 48 85 d2 0f 84 45 01 00
0x00000233be2e9806:   00 80 7a c8 0b 0f 85 3b 01 00 00 48 83 c2 08 4c
0x00000233be2e9816:   8b 6a f8 41 83 ed 00 41 83 fd 02 0f 8c 1a 01 00
0x00000233be2e9826:   00 4c 8b 6b 08 45 0f b7 6d 2c 4c 2b 2a 41 83 ed
0x00000233be2e9836:   01 4e 8b 6c ec 08 4d 85 ed 75 12 48 f7 42 08 01 


Stack slot to memory mapping:
stack at sp + 0 slots: 0x00000233be2d9622 is at code_begin+1410 in an Interpreter codelet
return entry points  [0x00000233be2d90a0, 0x00000233be2d9bc0]  2848 bytes
stack at sp + 1 slots: 0x00000000eabfa668 is an oop: java.lang.String 
{0x00000000eabfa668} - klass: 'java/lang/String'
 - string: "x"
stack at sp + 2 slots: 0x00000000c4a90bb8 is an oop: org.eclipse.jdt.core.dom.StringLiteral 
{0x00000000c4a90bb8} - klass: 'org/eclipse/jdt/core/dom/StringLiteral'
 - ---- fields (total size 7 words):
 - private 'startPosition' 'I' @12  3146 (c4a)
 - private 'length' 'I' @16  28 (1c)
 - 'typeAndFlags' 'I' @20  2949126 (2d0006)
 - public transient '$isGenerated' 'Z' @24  false
 - final 'ast' 'Lorg/eclipse/jdt/core/dom/AST;' @28  a 'org/eclipse/jdt/core/dom/AST'{0x00000000c4a85a50} (c4a85a50)
 - private 'parent' 'Lorg/eclipse/jdt/core/dom/ASTNode;' @32  a 'org/eclipse/jdt/core/dom/MethodInvocation'{0x00000000c4a90978} (c4a90978)
 - private 'property1' 'Ljava/lang/Object;' @36  NULL (0)
 - private 'property2' 'Ljava/lang/Object;' @40  NULL (0)
 - private 'location' 'Lorg/eclipse/jdt/core/dom/StructuralPropertyDescriptor;' @44  a 'org/eclipse/jdt/core/dom/ChildListPropertyDescriptor'{0x00000000c3f06238} (c3f06238)
 - private 'escapedValue' 'Ljava/lang/String;' @48  ""Digite o nome do Gerente: ""{0x00000000c4a90bf0} (c4a90bf0)
stack at sp + 3 slots: 0x00000000eabf5358 is an oop: org.eclipse.jdt.ls.core.internal.handlers.InlayHintVisitor 
{0x00000000eabf5358} - klass: 'org/eclipse/jdt/ls/core/internal/handlers/InlayHintVisitor'
 - ---- fields (total size 5 words):
 - private final 'visitDocTags' 'Z' @12  false
 - private 'startOffset' 'I' @16  3041 (be1)
 - private 'endOffset' 'I' @20  5626 (15fa)
 - private 'hints' 'Ljava/util/List;' @24  a 'java/util/ArrayList'{0x00000000eabf5380} (eabf5380)
 - private 'typeRoot' 'Lorg/eclipse/jdt/core/ITypeRoot;' @28  a 'org/eclipse/jdt/internal/core/CompilationUnit'{0x00000000eabf5318} (eabf5318)
 - private 'preferenceManager' 'Lorg/eclipse/jdt/ls/core/internal/preferences/PreferenceManager;' @32  a 'org/eclipse/jdt/ls/core/internal/preferences/StandardPreferenceManager'{0x00000000c0ce4c18} (c0ce4c18)
stack at sp + 4 slots: 0x000000ea088fdd08 is pointing into the stack for thread: 0x00000233cf204190
stack at sp + 5 slots: 0x00000233cbc1cb79 is pointing into metadata
stack at sp + 6 slots: 0x000000ea088fdda8 is pointing into the stack for thread: 0x00000233cf204190
stack at sp + 7 slots: 0x00000233de0bd020 is pointing into metadata

invokevirtual  182 invokevirtual  [0x00000233be2e9480, 0x00000233be2e9960]  1248 bytes
[MachCode]
  0x00000233be2e9480: 4883 ec08 | c5fa 1104 | 24eb 1f48 | 83ec 10c5 | fb11 0424 | eb14 4883 | ec10 4889 | 0424 48c7 
  0x00000233be2e94a0: 4424 0800 | 0000 00eb | 0150 4c89 | 6dc0 410f | b755 0148 | 8b4d d0c1 | e202 8b5c | d120 c1eb 
  0x00000233be2e94c0: 1881 e3ff | 0000 0081 | fbb6 0000 | 000f 84b6 | 0000 00bb | b600 0000 | e805 0000 | 00e9 9b00 
  0x00000233be2e94e0: 0000 488b | d348 8d44 | 2408 4c89 | 6dc0 498b | cfc5 f877 | 4989 afa8 | 0200 0049 | 8987 9802 
  0x00000233be2e9500: 0000 4883 | ec20 f7c4 | 0f00 0000 | 0f84 1a00 | 0000 4883 | ec08 49ba | 606a 1a30 | f87f 0000 
  0x00000233be2e9520: 41ff d248 | 83c4 08e9 | 0d00 0000 | 49ba 606a | 1a30 f87f | 0000 41ff | d248 83c4 | 2049 c787 
  0x00000233be2e9540: 9802 0000 | 0000 0000 | 49c7 87a8 | 0200 0000 | 0000 0049 | c787 a002 | 0000 0000 | 0000 c5f8 
  0x00000233be2e9560: 7749 817f | 0800 0000 | 000f 8405 | 0000 00e9 | 8c79 feff | 4c8b 6dc0 | 4c8b 75c8 | c341 0fb7 
  0x00000233be2e9580: 5501 488b | 4dd0 c1e2 | 0248 8b5c | d130 8b54 | d138 8bca | 81e1 ff00 | 0000 488b | 4ccc f844 
  0x00000233be2e95a0: 8bea c1ea | 1c49 baa0 | e19c 30f8 | 7f00 0049 | 8b14 d252 | 418b d54c | 8b6d c08b | c281 e000 
  0x00000233be2e95c0: 0010 000f | 8480 0100 | 0048 3b01 | 488b 45d8 | 4885 c00f | 8412 0000 | 0048 8340 | 0801 4883 
  0x00000233be2e95e0: 5808 0048 | 83c0 3848 | 8945 d848 | 8b45 d848 | 85c0 0f84 | 4501 0000 | 8078 c80b | 0f85 3b01 
  0x00000233be2e9600: 0000 4883 | c008 4c8b | 68f8 4183 | ed00 4183 | fd02 0f8c | 1a01 0000 | 4c8b 6b08 | 450f b76d 
  0x00000233be2e9620: 2c4c 2b28 | 4183 ed01 | 4e8b 6cec | 084d 85ed | 7512 48f7 | 4008 0100 | 0000 7558 | f048 8348 
  0x00000233be2e9640: 0801 eb50 | 458b 6d08 | 49c1 e503 | 4d8b d54c | 3368 0849 | f7c5 fcff | ffff 7438 | 49f7 c502 
  0x00000233be2e9660: 0000 0075 | 2f48 8178 | 0800 0000 | 0074 2148 | 8178 0801 | 0000 0074 | 174d 8bea | 4c33 6808 
  0x00000233be2e9680: 49f7 c5fc | ffff ff74 | 0b48 8348 | 0802 eb04 | 4c89 6808 | 4883 c010 | 4c8b 68e8 | 4183 ed02 
  0x00000233be2e96a0: 4183 fd02 | 0f8c 8800 | 0000 4c8b | 6b08 450f | b76d 2c4c | 2b28 4183 | ed01 4e8b | 6cec 084d 
  0x00000233be2e96c0: 85ed 7512 | 48f7 4008 | 0100 0000 | 7558 f048 | 8348 0801 | eb50 458b | 6d08 49c1 | e503 4d8b 
  0x00000233be2e96e0: d54c 3368 | 0849 f7c5 | fcff ffff | 7438 49f7 | c502 0000 | 0075 2f48 | 8178 0800 | 0000 0074 
  0x00000233be2e9700: 2148 8178 | 0801 0000 | 0074 174d | 8bea 4c33 | 6808 49f7 | c5fc ffff | ff74 0b48 | 8348 0802 
  0x00000233be2e9720: eb04 4c89 | 6808 4883 | c010 4c8b | 68d8 4183 | ed04 41c1 | e503 4903 | c548 8945 | d84c 8d6c 
  0x00000233be2e9740: 2408 4c89 | 6df0 ff63 | 508b 4108 | 48c1 e003 | 4c8b 75d8 | 4d85 f60f | 8495 0000 | 0049 8b56 
  0x00000233be2e9760: 1848 3bd0 | 0f85 0f00 | 0000 4983 | 4620 0149 | 835e 2000 | e971 0000 | 0048 85d2 | 0f84 4200 
  0x00000233be2e9780: 0000 498b | 5628 483b | d00f 850f | 0000 0049 | 8346 3001 | 4983 5e30 | 00e9 4c00 | 0000 4885 
  0x00000233be2e97a0: d274 0f49 | 8346 0801 | 4983 5e08 | 00e9 3800 | 0000 4989 | 4628 ba01 | 0000 0049 | 8956 30e9 
  0x00000233be2e97c0: 2600 0000 | 493b 4628 | 0f85 0f00 | 0000 4983 | 4630 0149 | 835e 3000 | e90d 0000 | 0049 8946 
  0x00000233be2e97e0: 18ba 0100 | 0000 4989 | 5620 4983 | c638 4c89 | 75d8 488b | 9cd8 c801 | 0000 488b | 55d8 4885 
  0x00000233be2e9800: d20f 8445 | 0100 0080 | 7ac8 0b0f | 853b 0100 | 0048 83c2 | 084c 8b6a | f841 83ed | 0041 83fd 
  0x00000233be2e9820: 020f 8c1a | 0100 004c | 8b6b 0845 | 0fb7 6d2c | 4c2b 2a41 | 83ed 014e | 8b6c ec08 | 4d85 ed75 
  0x00000233be2e9840: 1248 f742 | 0801 0000 | 0075 58f0 | 4883 4a08 | 01eb 5045 | 8b6d 0849 | c1e5 034d | 8bd5 4c33 
  0x00000233be2e9860: 6a08 49f7 | c5fc ffff | ff74 3849 | f7c5 0200 | 0000 752f | 4881 7a08 | 0000 0000 | 7421 4881 
  0x00000233be2e9880: 7a08 0100 | 0000 7417 | 4d8b ea4c | 336a 0849 | f7c5 fcff | ffff 740b | 4883 4a08 | 02eb 044c 
  0x00000233be2e98a0: 896a 0848 | 83c2 104c | 8b6a e841 | 83ed 0241 | 83fd 020f | 8c88 0000 | 004c 8b6b | 0845 0fb7 
  0x00000233be2e98c0: 6d2c 4c2b | 2a41 83ed | 014e 8b6c | ec08 4d85 | ed75 1248 | f742 0801 | 0000 0075 | 58f0 4883 
  0x00000233be2e98e0: 4a08 01eb | 5045 8b6d | 0849 c1e5 | 034d 8bd5 | 4c33 6a08 | 49f7 c5fc | ffff ff74 | 3849 f7c5 
  0x00000233be2e9900: 0200 0000 | 752f 4881 | 7a08 0000 | 0000 7421 | 4881 7a08 | 0100 0000 | 7417 4d8b | ea4c 336a 
  0x00000233be2e9920: 0849 f7c5 | fcff ffff | 740b 4883 | 4a08 02eb | 044c 896a | 0848 83c2 | 104c 8b6a | d841 83ed 
  0x00000233be2e9940: 0441 c1e5 | 0349 03d5 | 4889 55d8 | 4c8d 6c24 | 084c 896d | f0ff 6350 | 0000 0000 | 0000 0000 
[/MachCode]

---------------  P R O C E S S  ---------------

Threads class SMR info:
_java_thread_list=0x00000233dadacaa0, length=36, elements={
0x00000233b40f3da0, 0x00000233c7f35750, 0x00000233c7f36760, 0x00000233c7f60150,
0x00000233c7f60ce0, 0x00000233c7f62410, 0x00000233c7f65f10, 0x00000233c7f727b0,
0x00000233c7f75920, 0x00000233c7f82a50, 0x00000233cd16d260, 0x00000233cd16fff0,
0x00000233cd16fae0, 0x00000233cd16c840, 0x00000233cd16e6a0, 0x00000233cd16dc80,
0x00000233cd16e190, 0x00000233cd16f0c0, 0x00000233cd44ad60, 0x00000233cd44c6b0,
0x00000233cd44ef30, 0x00000233cd44c1a0, 0x00000233cd4489f0, 0x00000233cd44a850,
0x00000233cd44d0d0, 0x00000233cd44daf0, 0x00000233cd449e30, 0x00000233cd44b270,
0x00000233cd44f950, 0x00000233cd448f00, 0x00000233cd16ebb0, 0x00000233cd16d770,
0x00000233cf207940, 0x00000233cf2050c0, 0x00000233cf204190, 0x00000233d0b8f020
}

Java Threads: ( => current thread )
  0x00000233b40f3da0 JavaThread "main" [_thread_blocked, id=11204, stack(0x000000ea08900000,0x000000ea08a00000)]
  0x00000233c7f35750 JavaThread "Reference Handler" daemon [_thread_blocked, id=12872, stack(0x000000ea08c00000,0x000000ea08d00000)]
  0x00000233c7f36760 JavaThread "Finalizer" daemon [_thread_blocked, id=12852, stack(0x000000ea08d00000,0x000000ea08e00000)]
  0x00000233c7f60150 JavaThread "Signal Dispatcher" daemon [_thread_blocked, id=12404, stack(0x000000ea08e00000,0x000000ea08f00000)]
  0x00000233c7f60ce0 JavaThread "Attach Listener" daemon [_thread_blocked, id=12996, stack(0x000000ea08f00000,0x000000ea09000000)]
  0x00000233c7f62410 JavaThread "Service Thread" daemon [_thread_blocked, id=10604, stack(0x000000ea09000000,0x000000ea09100000)]
  0x00000233c7f65f10 JavaThread "Monitor Deflation Thread" daemon [_thread_blocked, id=8976, stack(0x000000ea09100000,0x000000ea09200000)]
  0x00000233c7f727b0 JavaThread "C2 CompilerThread0" daemon [_thread_in_native, id=12956, stack(0x000000ea09200000,0x000000ea09300000)]
  0x00000233c7f75920 JavaThread "C1 CompilerThread0" daemon [_thread_blocked, id=5468, stack(0x000000ea09300000,0x000000ea09400000)]
  0x00000233c7f82a50 JavaThread "Sweeper thread" daemon [_thread_blocked, id=3048, stack(0x000000ea09400000,0x000000ea09500000)]
  0x00000233cd16d260 JavaThread "Common-Cleaner" daemon [_thread_blocked, id=2556, stack(0x000000ea09500000,0x000000ea09600000)]
  0x00000233cd16fff0 JavaThread "Notification Thread" daemon [_thread_blocked, id=5240, stack(0x000000ea09600000,0x000000ea09700000)]
  0x00000233cd16fae0 JavaThread "Active Thread: Equinox Container: de5c4291-b1b2-48ee-af1c-a2856960e1d4" [_thread_blocked, id=10044, stack(0x000000ea09b00000,0x000000ea09c00000)]
  0x00000233cd16c840 JavaThread "Framework Event Dispatcher: Equinox Container: de5c4291-b1b2-48ee-af1c-a2856960e1d4" daemon [_thread_blocked, id=7012, stack(0x000000ea09c00000,0x000000ea09d00000)]
  0x00000233cd16e6a0 JavaThread "Start Level: Equinox Container: de5c4291-b1b2-48ee-af1c-a2856960e1d4" daemon [_thread_blocked, id=12264, stack(0x000000ea09d00000,0x000000ea09e00000)]
  0x00000233cd16dc80 JavaThread "Bundle File Closer" daemon [_thread_blocked, id=12844, stack(0x000000ea08600000,0x000000ea08700000)]
  0x00000233cd16e190 JavaThread "SCR Component Actor" daemon [_thread_blocked, id=13096, stack(0x000000ea09e00000,0x000000ea09f00000)]
  0x00000233cd16f0c0 JavaThread "Worker-JM" [_thread_blocked, id=11132, stack(0x000000ea0a000000,0x000000ea0a100000)]
  0x00000233cd44ad60 JavaThread "JNA Cleaner" daemon [_thread_blocked, id=1488, stack(0x000000ea0a100000,0x000000ea0a200000)]
  0x00000233cd44c6b0 JavaThread "Worker-1: Java indexing... " [_thread_blocked, id=11552, stack(0x000000ea0a300000,0x000000ea0a400000)]
  0x00000233cd44ef30 JavaThread "Worker-2" [_thread_blocked, id=12488, stack(0x000000ea0a400000,0x000000ea0a500000)]
  0x00000233cd44c1a0 JavaThread "Java indexing" daemon [_thread_blocked, id=7516, stack(0x000000ea0a500000,0x000000ea0a600000)]
  0x00000233cd4489f0 JavaThread "Thread-2" daemon [_thread_in_native, id=8128, stack(0x000000ea0a900000,0x000000ea0aa00000)]
  0x00000233cd44a850 JavaThread "Thread-3" daemon [_thread_in_native, id=2864, stack(0x000000ea0aa00000,0x000000ea0ab00000)]
  0x00000233cd44d0d0 JavaThread "Thread-4" daemon [_thread_in_native, id=8932, stack(0x000000ea0ab00000,0x000000ea0ac00000)]
  0x00000233cd44daf0 JavaThread "Thread-5" daemon [_thread_in_native, id=1460, stack(0x000000ea0ac00000,0x000000ea0ad00000)]
  0x00000233cd449e30 JavaThread "Thread-6" daemon [_thread_in_native, id=4480, stack(0x000000ea0ad00000,0x000000ea0ae00000)]
  0x00000233cd44b270 JavaThread "pool-2-thread-1" [_thread_blocked, id=9600, stack(0x000000ea0ae00000,0x000000ea0af00000)]
  0x00000233cd44f950 JavaThread "WorkspaceEventsHandler" [_thread_blocked, id=6632, stack(0x000000ea0af00000,0x000000ea0b000000)]
  0x00000233cd448f00 JavaThread "pool-1-thread-1" [_thread_blocked, id=5504, stack(0x000000ea0b000000,0x000000ea0b100000)]
  0x00000233cd16ebb0 JavaThread "Compiler Source File Reader" daemon [_thread_blocked, id=5716, stack(0x000000ea0b500000,0x000000ea0b600000)]
  0x00000233cd16d770 JavaThread "Compiler Source File Reader" daemon [_thread_blocked, id=11060, stack(0x000000ea0b600000,0x000000ea0b700000)]
  0x00000233cf207940 JavaThread "Cleaner-0" daemon [_thread_blocked, id=1808, stack(0x000000ea0b400000,0x000000ea0b500000)]
  0x00000233cf2050c0 JavaThread "ForkJoinPool.commonPool-worker-4" daemon [_thread_blocked, id=6968, stack(0x000000ea08700000,0x000000ea08800000)]
=>0x00000233cf204190 JavaThread "ForkJoinPool.commonPool-worker-5" daemon [_thread_in_Java, id=9808, stack(0x000000ea08800000,0x000000ea08900000)]
  0x00000233d0b8f020 JavaThread "C2 CompilerThread1" daemon [_thread_blocked, id=12084, stack(0x000000ea09f00000,0x000000ea0a000000)]

Other Threads:
  0x00000233c7f1c7a0 VMThread "VM Thread" [stack: 0x000000ea08b00000,0x000000ea08c00000] [id=13028] _threads_hazard_ptr=0x00000233dadacaa0
  0x00000233cd3dded0 WatcherThread [stack: 0x000000ea09700000,0x000000ea09800000] [id=8372]
  0x00000233b41092a0 GCTaskThread "GC Thread#0" [stack: 0x000000ea08a00000,0x000000ea08b00000] [id=6672]
  0x00000233cd91b260 GCTaskThread "GC Thread#1" [stack: 0x000000ea09800000,0x000000ea09900000] [id=8416]
  0x00000233cdb84860 GCTaskThread "GC Thread#2" [stack: 0x000000ea09900000,0x000000ea09a00000] [id=2044]
  0x00000233cd4aa8a0 GCTaskThread "GC Thread#3" [stack: 0x000000ea09a00000,0x000000ea09b00000] [id=12236]

Threads with active compile tasks:
C2 CompilerThread0  1247889 10358       4       lombok.patcher.PatchScript$MethodPatcher::visitMethod (158 bytes)
C2 CompilerThread1  1247889 10419 %     4       org.eclipse.jdt.internal.core.search.indexing.BinaryIndexer::extractReferenceFromConstantPool @ 155 (358 bytes)

VM state: synchronizing (normal execution)

VM Mutex/Monitor currently owned by a thread:  ([mutex/lock_event])
[0x00000233b40e22c0] Threads_lock - owner thread: 0x00000233c7f1c7a0
[0x00000233b40e2c50] Heap_lock - owner thread: 0x00000233cd44c1a0

Heap address: 0x00000000c0000000, size: 1024 MB, Compressed Oops mode: 32-bit

CDS archive(s) not mapped
Compressed class space mapped at: 0x0000000100000000-0x0000000140000000, reserved size: 1073741824
Narrow klass base: 0x0000000000000000, Narrow klass shift: 3, Narrow klass range: 0x140000000

GC Precious Log:
 CPUs: 4 total, 4 available
 Memory: 4043M
 Large Page Support: Disabled
 NUMA Support: Disabled
 Compressed Oops: Enabled (32-bit)
 Alignments: Space 512K, Generation 512K, Heap 2M
 Heap Min Capacity: 100M
 Heap Initial Capacity: 100M
 Heap Max Capacity: 1G
 Pre-touch: Disabled
 Parallel Workers: 4

Heap:
 PSYoungGen      total 19456K, used 19430K [0x00000000eab00000, 0x00000000ecc80000, 0x0000000100000000)
  eden space 11264K, 100% used [0x00000000eab00000,0x00000000eb600000,0x00000000eb600000)
  from space 8192K, 99% used [0x00000000ec080000,0x00000000ec879b68,0x00000000ec880000)
  to   space 10752K, 0% used [0x00000000eb600000,0x00000000eb600000,0x00000000ec080000)
 ParOldGen       total 368640K, used 326023K [0x00000000c0000000, 0x00000000d6800000, 0x00000000eab00000)
  object space 368640K, 88% used [0x00000000c0000000,0x00000000d3e61fb0,0x00000000d6800000)
 Metaspace       used 76592K, committed 77824K, reserved 1179648K
  class space    used 8100K, committed 8640K, reserved 1048576K

Card table byte_map: [0x00000233b3aa0000,0x00000233b3cb0000] _byte_map_base: 0x00000233b34a0000

Marking Bits: (ParMarkBitMap*) 0x00007ff8309c58b0
 Begin Bits: [0x00000233c5da0000, 0x00000233c6da0000)
 End Bits:   [0x00000233c6da0000, 0x00000233c7da0000)

Polling page: 0x00000233b2050000

Metaspace:

Usage:
  Non-class:     66.89 MB used.
      Class:      7.91 MB used.
       Both:     74.80 MB used.

Virtual space:
  Non-class space:      128.00 MB reserved,      67.56 MB ( 53%) committed,  2 nodes.
      Class space:        1.00 GB reserved,       8.44 MB ( <1%) committed,  1 nodes.
             Both:        1.12 GB reserved,      76.00 MB (  7%) committed. 

Chunk freelists:
   Non-Class:  11.76 MB
       Class:  7.48 MB
        Both:  19.24 MB

MaxMetaspaceSize: unlimited
CompressedClassSpaceSize: 1.00 GB
Initial GC threshold: 21.00 MB
Current GC threshold: 125.31 MB
CDS: off
MetaspaceReclaimPolicy: balanced
 - commit_granule_bytes: 65536.
 - commit_granule_words: 8192.
 - virtual_space_node_default_size: 8388608.
 - enlarge_chunks_in_place: 1.
 - new_chunks_are_fully_committed: 0.
 - uncommit_free_chunks: 1.
 - use_allocation_guard: 0.
 - handle_deallocations: 1.


Internal statistics:

num_allocs_failed_limit: 9.
num_arena_births: 772.
num_arena_deaths: 16.
num_vsnodes_births: 3.
num_vsnodes_deaths: 0.
num_space_committed: 1216.
num_space_uncommitted: 0.
num_chunks_returned_to_freelist: 26.
num_chunks_taken_from_freelist: 3718.
num_chunk_merges: 11.
num_chunk_splits: 2330.
num_chunks_enlarged: 1404.
num_inconsistent_stats: 0.

CodeHeap 'non-profiled nmethods': size=120000Kb used=6224Kb max_used=6224Kb free=113775Kb
 bounds [0x00000233be870000, 0x00000233bee90000, 0x00000233c5da0000]
CodeHeap 'profiled nmethods': size=120000Kb used=18559Kb max_used=19621Kb free=101441Kb
 bounds [0x00000233b6da0000, 0x00000233b80d0000, 0x00000233be2d0000]
CodeHeap 'non-nmethods': size=5760Kb used=1416Kb max_used=1491Kb free=4344Kb
 bounds [0x00000233be2d0000, 0x00000233be540000, 0x00000233be870000]
 total_blobs=9287 nmethods=8512 adapters=685
 compilation: enabled
              stopped_count=0, restarted_count=0
 full_count=0

Compilation events (20 events):
Event: 1247.366 Thread 0x00000233c7f75920 10412       3       org.eclipse.jdt.internal.core.JarPackageFragment::computeNonJavaResources (474 bytes)
Event: 1247.373 Thread 0x00000233c7f75920 nmethod 10412 0x00000233b7a1d190 code [0x00000233b7a1d820, 0x00000233b7a22288]
Event: 1247.373 Thread 0x00000233c7f75920 10409       3       org.eclipse.jdt.internal.core.ElementCache::ensureSpaceLimit (51 bytes)
Event: 1247.374 Thread 0x00000233c7f75920 nmethod 10409 0x00000233b7d81610 code [0x00000233b7d81800, 0x00000233b7d81e28]
Event: 1247.374 Thread 0x00000233c7f75920 10411   !   3       org.eclipse.jdt.internal.core.PackageFragment::validateExistence (64 bytes)
Event: 1247.375 Thread 0x00000233c7f75920 nmethod 10411 0x00000233b794a510 code [0x00000233b794a780, 0x00000233b794b438]
Event: 1247.376 Thread 0x00000233c7f75920 10410       3       org.eclipse.jdt.internal.core.JarPackageFragment::buildStructure (90 bytes)
Event: 1247.377 Thread 0x00000233c7f75920 nmethod 10410 0x00000233b6f5e190 code [0x00000233b6f5e420, 0x00000233b6f5f408]
Event: 1247.377 Thread 0x00000233c7f75920 10388       1       org.eclipse.jdt.internal.core.ImportDeclaration::getElementType (3 bytes)
Event: 1247.377 Thread 0x00000233c7f75920 nmethod 10388 0x00000233bee79390 code [0x00000233bee79520, 0x00000233bee795f8]
Event: 1247.389 Thread 0x00000233d0b8f020 nmethod 10361% 0x00000233bee79690 code [0x00000233bee79aa0, 0x00000233bee7c230]
Event: 1247.390 Thread 0x00000233d0b8f020 10370   !   4       org.eclipse.jdt.internal.compiler.parser.Scanner::getNextToken0 (2518 bytes)
Event: 1247.453 Thread 0x00000233c7f75920 10414       3       org.eclipse.lsp4j.jsonrpc.json.MessageJsonHandler::getJsonRpcMethod (39 bytes)
Event: 1247.454 Thread 0x00000233c7f75920 nmethod 10414 0x00000233b7299690 code [0x00000233b7299860, 0x00000233b7299c78]
Event: 1247.456 Thread 0x00000233c7f75920 10415       3       java.lang.Long::parseLong (7 bytes)
Event: 1247.456 Thread 0x00000233c7f75920 nmethod 10415 0x00000233b784d490 code [0x00000233b784d620, 0x00000233b784d748]
Event: 1247.457 Thread 0x00000233c7f75920 10416       3       org.eclipse.jdt.core.dom.ClassInstanceCreation::accept0 (92 bytes)
Event: 1247.458 Thread 0x00000233c7f75920 nmethod 10416 0x00000233b7bef510 code [0x00000233b7bef780, 0x00000233b7bf0058]
Event: 1247.498 Thread 0x00000233c7f75920 10417       3       sun.nio.fs.WindowsFileAttributes::isSymbolicLink (16 bytes)
Event: 1247.498 Thread 0x00000233c7f75920 nmethod 10417 0x00000233b791e710 code [0x00000233b791e8a0, 0x00000233b791ea18]

GC Heap History (20 events):
Event: 119.120 GC heap before
{Heap before GC invocations=353 (full 13):
 PSYoungGen      total 9728K, used 9715K [0x00000000eab00000, 0x00000000ebd80000, 0x0000000100000000)
  eden space 5632K, 100% used [0x00000000eab00000,0x00000000eb080000,0x00000000eb080000)
  from space 4096K, 99% used [0x00000000eb080000,0x00000000eb47ce48,0x00000000eb480000)
  to   space 6144K, 0% used [0x00000000eb780000,0x00000000eb780000,0x00000000ebd80000)
 ParOldGen       total 324096K, used 305041K [0x00000000c0000000, 0x00000000d3c80000, 0x00000000eab00000)
  object space 324096K, 94% used [0x00000000c0000000,0x00000000d29e44e0,0x00000000d3c80000)
 Metaspace       used 75855K, committed 77056K, reserved 1179648K
  class space    used 8005K, committed 8512K, reserved 1048576K
}
Event: 119.126 GC heap after
{Heap after GC invocations=353 (full 13):
 PSYoungGen      total 10240K, used 3219K [0x00000000eab00000, 0x00000000ebb00000, 0x0000000100000000)
  eden space 6656K, 0% used [0x00000000eab00000,0x00000000eab00000,0x00000000eb180000)
  from space 3584K, 89% used [0x00000000eb780000,0x00000000ebaa4e30,0x00000000ebb00000)
  to   space 4096K, 0% used [0x00000000eb300000,0x00000000eb300000,0x00000000eb700000)
 ParOldGen       total 324096K, used 307487K [0x00000000c0000000, 0x00000000d3c80000, 0x00000000eab00000)
  object space 324096K, 94% used [0x00000000c0000000,0x00000000d2c47cf8,0x00000000d3c80000)
 Metaspace       used 75855K, committed 77056K, reserved 1179648K
  class space    used 8005K, committed 8512K, reserved 1048576K
}
Event: 119.266 GC heap before
{Heap before GC invocations=354 (full 13):
 PSYoungGen      total 10240K, used 9875K [0x00000000eab00000, 0x00000000ebb00000, 0x0000000100000000)
  eden space 6656K, 100% used [0x00000000eab00000,0x00000000eb180000,0x00000000eb180000)
  from space 3584K, 89% used [0x00000000eb780000,0x00000000ebaa4e30,0x00000000ebb00000)
  to   space 4096K, 0% used [0x00000000eb300000,0x00000000eb300000,0x00000000eb700000)
 ParOldGen       total 324096K, used 307487K [0x00000000c0000000, 0x00000000d3c80000, 0x00000000eab00000)
  object space 324096K, 94% used [0x00000000c0000000,0x00000000d2c47cf8,0x00000000d3c80000)
 Metaspace       used 75855K, committed 77056K, reserved 1179648K
  class space    used 8005K, committed 8512K, reserved 1048576K
}
Event: 119.274 GC heap after
{Heap after GC invocations=354 (full 13):
 PSYoungGen      total 11776K, used 4091K [0x00000000eab00000, 0x00000000ebd80000, 0x0000000100000000)
  eden space 7680K, 0% used [0x00000000eab00000,0x00000000eab00000,0x00000000eb280000)
  from space 4096K, 99% used [0x00000000eb300000,0x00000000eb6fec68,0x00000000eb700000)
  to   space 5632K, 0% used [0x00000000eb800000,0x00000000eb800000,0x00000000ebd80000)
 ParOldGen       total 324096K, used 308533K [0x00000000c0000000, 0x00000000d3c80000, 0x00000000eab00000)
  object space 324096K, 95% used [0x00000000c0000000,0x00000000d2d4d7f0,0x00000000d3c80000)
 Metaspace       used 75855K, committed 77056K, reserved 1179648K
  class space    used 8005K, committed 8512K, reserved 1048576K
}
Event: 119.569 GC heap before
{Heap before GC invocations=355 (full 13):
 PSYoungGen      total 11776K, used 11771K [0x00000000eab00000, 0x00000000ebd80000, 0x0000000100000000)
  eden space 7680K, 100% used [0x00000000eab00000,0x00000000eb280000,0x00000000eb280000)
  from space 4096K, 99% used [0x00000000eb300000,0x00000000eb6fec68,0x00000000eb700000)
  to   space 5632K, 0% used [0x00000000eb800000,0x00000000eb800000,0x00000000ebd80000)
 ParOldGen       total 324096K, used 308533K [0x00000000c0000000, 0x00000000d3c80000, 0x00000000eab00000)
  object space 324096K, 95% used [0x00000000c0000000,0x00000000d2d4d7f0,0x00000000d3c80000)
 Metaspace       used 75855K, committed 77056K, reserved 1179648K
  class space    used 8005K, committed 8512K, reserved 1048576K
}
Event: 119.581 GC heap after
{Heap after GC invocations=355 (full 13):
 PSYoungGen      total 13312K, used 4174K [0x00000000eab00000, 0x00000000ebc80000, 0x0000000100000000)
  eden space 8704K, 0% used [0x00000000eab00000,0x00000000eab00000,0x00000000eb380000)
  from space 4608K, 90% used [0x00000000eb800000,0x00000000ebc13b08,0x00000000ebc80000)
  to   space 4608K, 0% used [0x00000000eb380000,0x00000000eb380000,0x00000000eb800000)
 ParOldGen       total 324096K, used 311102K [0x00000000c0000000, 0x00000000d3c80000, 0x00000000eab00000)
  object space 324096K, 95% used [0x00000000c0000000,0x00000000d2fcf910,0x00000000d3c80000)
 Metaspace       used 75855K, committed 77056K, reserved 1179648K
  class space    used 8005K, committed 8512K, reserved 1048576K
}
Event: 119.706 GC heap before
{Heap before GC invocations=356 (full 13):
 PSYoungGen      total 13312K, used 12850K [0x00000000eab00000, 0x00000000ebc80000, 0x0000000100000000)
  eden space 8704K, 99% used [0x00000000eab00000,0x00000000eb3790e8,0x00000000eb380000)
  from space 4608K, 90% used [0x00000000eb800000,0x00000000ebc13b08,0x00000000ebc80000)
  to   space 4608K, 0% used [0x00000000eb380000,0x00000000eb380000,0x00000000eb800000)
 ParOldGen       total 324096K, used 311102K [0x00000000c0000000, 0x00000000d3c80000, 0x00000000eab00000)
  object space 324096K, 95% used [0x00000000c0000000,0x00000000d2fcf910,0x00000000d3c80000)
 Metaspace       used 75855K, committed 77056K, reserved 1179648K
  class space    used 8005K, committed 8512K, reserved 1048576K
}
Event: 119.717 GC heap after
{Heap after GC invocations=356 (full 13):
 PSYoungGen      total 13312K, used 4595K [0x00000000eab00000, 0x00000000ec480000, 0x0000000100000000)
  eden space 8704K, 0% used [0x00000000eab00000,0x00000000eab00000,0x00000000eb380000)
  from space 4608K, 99% used [0x00000000eb380000,0x00000000eb7fcf70,0x00000000eb800000)
  to   space 8192K, 0% used [0x00000000ebc80000,0x00000000ebc80000,0x00000000ec480000)
 ParOldGen       total 324096K, used 313875K [0x00000000c0000000, 0x00000000d3c80000, 0x00000000eab00000)
  object space 324096K, 96% used [0x00000000c0000000,0x00000000d3284c90,0x00000000d3c80000)
 Metaspace       used 75855K, committed 77056K, reserved 1179648K
  class space    used 8005K, committed 8512K, reserved 1048576K
}
Event: 119.822 GC heap before
{Heap before GC invocations=357 (full 13):
 PSYoungGen      total 13312K, used 13299K [0x00000000eab00000, 0x00000000ec480000, 0x0000000100000000)
  eden space 8704K, 100% used [0x00000000eab00000,0x00000000eb380000,0x00000000eb380000)
  from space 4608K, 99% used [0x00000000eb380000,0x00000000eb7fcf70,0x00000000eb800000)
  to   space 8192K, 0% used [0x00000000ebc80000,0x00000000ebc80000,0x00000000ec480000)
 ParOldGen       total 324096K, used 313875K [0x00000000c0000000, 0x00000000d3c80000, 0x00000000eab00000)
  object space 324096K, 96% used [0x00000000c0000000,0x00000000d3284c90,0x00000000d3c80000)
 Metaspace       used 75855K, committed 77056K, reserved 1179648K
  class space    used 8005K, committed 8512K, reserved 1048576K
}
Event: 119.837 GC heap after
{Heap after GC invocations=357 (full 13):
 PSYoungGen      total 15360K, used 5138K [0x00000000eab00000, 0x00000000ec200000, 0x0000000100000000)
  eden space 9728K, 0% used [0x00000000eab00000,0x00000000eab00000,0x00000000eb480000)
  from space 5632K, 91% used [0x00000000ebc80000,0x00000000ec184900,0x00000000ec200000)
  to   space 6144K, 0% used [0x00000000eb600000,0x00000000eb600000,0x00000000ebc00000)
 ParOldGen       total 324096K, used 316625K [0x00000000c0000000, 0x00000000d3c80000, 0x00000000eab00000)
  object space 324096K, 97% used [0x00000000c0000000,0x00000000d3534790,0x00000000d3c80000)
 Metaspace       used 75855K, committed 77056K, reserved 1179648K
  class space    used 8005K, committed 8512K, reserved 1048576K
}
Event: 119.968 GC heap before
{Heap before GC invocations=358 (full 13):
 PSYoungGen      total 15360K, used 14866K [0x00000000eab00000, 0x00000000ec200000, 0x0000000100000000)
  eden space 9728K, 100% used [0x00000000eab00000,0x00000000eb480000,0x00000000eb480000)
  from space 5632K, 91% used [0x00000000ebc80000,0x00000000ec184900,0x00000000ec200000)
  to   space 6144K, 0% used [0x00000000eb600000,0x00000000eb600000,0x00000000ebc00000)
 ParOldGen       total 324096K, used 316625K [0x00000000c0000000, 0x00000000d3c80000, 0x00000000eab00000)
  object space 324096K, 97% used [0x00000000c0000000,0x00000000d3534790,0x00000000d3c80000)
 Metaspace       used 75855K, committed 77056K, reserved 1179648K
  class space    used 8005K, committed 8512K, reserved 1048576K
}
Event: 119.978 GC heap after
{Heap after GC invocations=358 (full 13):
 PSYoungGen      total 16896K, used 6140K [0x00000000eab00000, 0x00000000ec880000, 0x0000000100000000)
  eden space 10752K, 0% used [0x00000000eab00000,0x00000000eab00000,0x00000000eb580000)
  from space 6144K, 99% used [0x00000000eb600000,0x00000000ebbff0a8,0x00000000ebc00000)
  to   space 9728K, 0% used [0x00000000ebf00000,0x00000000ebf00000,0x00000000ec880000)
 ParOldGen       total 324096K, used 319263K [0x00000000c0000000, 0x00000000d3c80000, 0x00000000eab00000)
  object space 324096K, 98% used [0x00000000c0000000,0x00000000d37c7d00,0x00000000d3c80000)
 Metaspace       used 75855K, committed 77056K, reserved 1179648K
  class space    used 8005K, committed 8512K, reserved 1048576K
}
Event: 120.138 GC heap before
{Heap before GC invocations=359 (full 13):
 PSYoungGen      total 16896K, used 16891K [0x00000000eab00000, 0x00000000ec880000, 0x0000000100000000)
  eden space 10752K, 99% used [0x00000000eab00000,0x00000000eb57fb58,0x00000000eb580000)
  from space 6144K, 99% used [0x00000000eb600000,0x00000000ebbff0a8,0x00000000ebc00000)
  to   space 9728K, 0% used [0x00000000ebf00000,0x00000000ebf00000,0x00000000ec880000)
 ParOldGen       total 324096K, used 319263K [0x00000000c0000000, 0x00000000d3c80000, 0x00000000eab00000)
  object space 324096K, 98% used [0x00000000c0000000,0x00000000d37c7d00,0x00000000d3c80000)
 Metaspace       used 75855K, committed 77056K, reserved 1179648K
  class space    used 8005K, committed 8512K, reserved 1048576K
}
Event: 120.154 GC heap after
{Heap after GC invocations=359 (full 13):
 PSYoungGen      total 19456K, used 6984K [0x00000000eab00000, 0x00000000ec600000, 0x0000000100000000)
  eden space 12288K, 0% used [0x00000000eab00000,0x00000000eab00000,0x00000000eb700000)
  from space 7168K, 97% used [0x00000000ebf00000,0x00000000ec5d2158,0x00000000ec600000)
  to   space 7680K, 0% used [0x00000000eb700000,0x00000000eb700000,0x00000000ebe80000)
 ParOldGen       total 324096K, used 322760K [0x00000000c0000000, 0x00000000d3c80000, 0x00000000eab00000)
  object space 324096K, 99% used [0x00000000c0000000,0x00000000d3b32028,0x00000000d3c80000)
 Metaspace       used 75855K, committed 77056K, reserved 1179648K
  class space    used 8005K, committed 8512K, reserved 1048576K
}
Event: 120.154 GC heap before
{Heap before GC invocations=360 (full 14):
 PSYoungGen      total 19456K, used 6984K [0x00000000eab00000, 0x00000000ec600000, 0x0000000100000000)
  eden space 12288K, 0% used [0x00000000eab00000,0x00000000eab00000,0x00000000eb700000)
  from space 7168K, 97% used [0x00000000ebf00000,0x00000000ec5d2158,0x00000000ec600000)
  to   space 7680K, 0% used [0x00000000eb700000,0x00000000eb700000,0x00000000ebe80000)
 ParOldGen       total 324096K, used 322760K [0x00000000c0000000, 0x00000000d3c80000, 0x00000000eab00000)
  object space 324096K, 99% used [0x00000000c0000000,0x00000000d3b32028,0x00000000d3c80000)
 Metaspace       used 75855K, committed 77056K, reserved 1179648K
  class space    used 8005K, committed 8512K, reserved 1048576K
}
Event: 120.780 GC heap after
{Heap after GC invocations=360 (full 14):
 PSYoungGen      total 19968K, used 3314K [0x00000000eab00000, 0x00000000ec700000, 0x0000000100000000)
  eden space 12800K, 0% used [0x00000000eab00000,0x00000000eab00000,0x00000000eb780000)
  from space 7168K, 46% used [0x00000000ebf00000,0x00000000ec23cac0,0x00000000ec600000)
  to   space 7680K, 0% used [0x00000000eb780000,0x00000000eb780000,0x00000000ebf00000)
 ParOldGen       total 368640K, used 323786K [0x00000000c0000000, 0x00000000d6800000, 0x00000000eab00000)
  object space 368640K, 87% used [0x00000000c0000000,0x00000000d3c328b0,0x00000000d6800000)
 Metaspace       used 75855K, committed 77056K, reserved 1179648K
  class space    used 8005K, committed 8512K, reserved 1048576K
}
Event: 121.137 GC heap before
{Heap before GC invocations=361 (full 14):
 PSYoungGen      total 19968K, used 16114K [0x00000000eab00000, 0x00000000ec700000, 0x0000000100000000)
  eden space 12800K, 100% used [0x00000000eab00000,0x00000000eb780000,0x00000000eb780000)
  from space 7168K, 46% used [0x00000000ebf00000,0x00000000ec23cac0,0x00000000ec600000)
  to   space 7680K, 0% used [0x00000000eb780000,0x00000000eb780000,0x00000000ebf00000)
 ParOldGen       total 368640K, used 323786K [0x00000000c0000000, 0x00000000d6800000, 0x00000000eab00000)
  object space 368640K, 87% used [0x00000000c0000000,0x00000000d3c328b0,0x00000000d6800000)
 Metaspace       used 75907K, committed 77120K, reserved 1179648K
  class space    used 8010K, committed 8512K, reserved 1048576K
}
Event: 121.205 GC heap after
{Heap after GC invocations=361 (full 14):
 PSYoungGen      total 20480K, used 7638K [0x00000000eab00000, 0x00000000ec880000, 0x0000000100000000)
  eden space 12800K, 0% used [0x00000000eab00000,0x00000000eab00000,0x00000000eb780000)
  from space 7680K, 99% used [0x00000000eb780000,0x00000000ebef5ac0,0x00000000ebf00000)
  to   space 8192K, 0% used [0x00000000ec080000,0x00000000ec080000,0x00000000ec880000)
 ParOldGen       total 368640K, used 323954K [0x00000000c0000000, 0x00000000d6800000, 0x00000000eab00000)
  object space 368640K, 87% used [0x00000000c0000000,0x00000000d3c5c8a8,0x00000000d6800000)
 Metaspace       used 75907K, committed 77120K, reserved 1179648K
  class space    used 8010K, committed 8512K, reserved 1048576K
}
Event: 1247.338 GC heap before
{Heap before GC invocations=362 (full 14):
 PSYoungGen      total 20480K, used 20438K [0x00000000eab00000, 0x00000000ec880000, 0x0000000100000000)
  eden space 12800K, 100% used [0x00000000eab00000,0x00000000eb780000,0x00000000eb780000)
  from space 7680K, 99% used [0x00000000eb780000,0x00000000ebef5ac0,0x00000000ebf00000)
  to   space 8192K, 0% used [0x00000000ec080000,0x00000000ec080000,0x00000000ec880000)
 ParOldGen       total 368640K, used 323954K [0x00000000c0000000, 0x00000000d6800000, 0x00000000eab00000)
  object space 368640K, 87% used [0x00000000c0000000,0x00000000d3c5c8a8,0x00000000d6800000)
 Metaspace       used 76510K, committed 77760K, reserved 1179648K
  class space    used 8091K, committed 8640K, reserved 1048576K
}
Event: 1247.356 GC heap after
{Heap after GC invocations=362 (full 14):
 PSYoungGen      total 19456K, used 8166K [0x00000000eab00000, 0x00000000ecc80000, 0x0000000100000000)
  eden space 11264K, 0% used [0x00000000eab00000,0x00000000eab00000,0x00000000eb600000)
  from space 8192K, 99% used [0x00000000ec080000,0x00000000ec879b68,0x00000000ec880000)
  to   space 10752K, 0% used [0x00000000eb600000,0x00000000eb600000,0x00000000ec080000)
 ParOldGen       total 368640K, used 326023K [0x00000000c0000000, 0x00000000d6800000, 0x00000000eab00000)
  object space 368640K, 88% used [0x00000000c0000000,0x00000000d3e61fb0,0x00000000d6800000)
 Metaspace       used 76510K, committed 77760K, reserved 1179648K
  class space    used 8091K, committed 8640K, reserved 1048576K
}

Dll operation events (12 events):
Event: 0.656 Loaded shared library c:\Users\Leandro Gomes\.vscode\extensions\redhat.java-1.34.0-win32-x64\jre\17.0.12-win32-x86_64\bin\java.dll
Event: 1.611 Loaded shared library c:\Users\Leandro Gomes\.vscode\extensions\redhat.java-1.34.0-win32-x64\jre\17.0.12-win32-x86_64\bin\zip.dll
Event: 1.732 Loaded shared library C:\Users\Leandro Gomes\.vscode\extensions\redhat.java-1.34.0-win32-x64\jre\17.0.12-win32-x86_64\bin\instrument.dll
Event: 1.968 Loaded shared library C:\Users\Leandro Gomes\.vscode\extensions\redhat.java-1.34.0-win32-x64\jre\17.0.12-win32-x86_64\bin\net.dll
Event: 2.142 Loaded shared library C:\Users\Leandro Gomes\.vscode\extensions\redhat.java-1.34.0-win32-x64\jre\17.0.12-win32-x86_64\bin\nio.dll
Event: 2.588 Loaded shared library C:\Users\Leandro Gomes\.vscode\extensions\redhat.java-1.34.0-win32-x64\jre\17.0.12-win32-x86_64\bin\zip.dll
Event: 2.705 Loaded shared library C:\Users\Leandro Gomes\.vscode\extensions\redhat.java-1.34.0-win32-x64\jre\17.0.12-win32-x86_64\bin\jimage.dll
Event: 3.213 Loaded shared library c:\Users\Leandro Gomes\.vscode\extensions\redhat.java-1.34.0-win32-x64\jre\17.0.12-win32-x86_64\bin\verify.dll
Event: 21.524 Loaded shared library C:\Users\Leandro Gomes\AppData\Roaming\Code\User\globalStorage\redhat.java\1.34.0\config_win\org.eclipse.equinox.launcher\org.eclipse.equinox.launcher.win32.win32.x86_64_1.2.1100.v20240722-2106\eclipse_11904.dll
Event: 56.850 Loaded shared library C:\Users\Leandro Gomes\AppData\Local\Temp\jna--1849737266\jna15603195861088701166.dll
Event: 82.784 Loaded shared library C:\Users\Leandro Gomes\.vscode\extensions\redhat.java-1.34.0-win32-x64\jre\17.0.12-win32-x86_64\bin\sunmscapi.dll
Event: 83.535 Loaded shared library C:\Users\Leandro Gomes\.vscode\extensions\redhat.java-1.34.0-win32-x64\jre\17.0.12-win32-x86_64\bin\extnet.dll

Deoptimization events (20 events):
Event: 1247.242 Thread 0x00000233cf2050c0 DEOPT PACKING pc=0x00000233bece32e4 sp=0x000000ea087fe800
Event: 1247.242 Thread 0x00000233cf2050c0 DEOPT UNPACKING pc=0x00000233be3266a3 sp=0x000000ea087fe7f0 mode 2
Event: 1247.242 Thread 0x00000233cf2050c0 Uncommon trap: trap_request=0xffffffde fr.pc=0x00000233bece32e4 relative=0x0000000000000f44
Event: 1247.242 Thread 0x00000233cf2050c0 Uncommon trap: reason=class_check action=maybe_recompile pc=0x00000233bece32e4 method=org.eclipse.jdt.internal.compiler.parser.Scanner.getNextToken()I @ 47 c2
Event: 1247.242 Thread 0x00000233cf2050c0 DEOPT PACKING pc=0x00000233bece32e4 sp=0x000000ea087fe800
Event: 1247.242 Thread 0x00000233cf2050c0 DEOPT UNPACKING pc=0x00000233be3266a3 sp=0x000000ea087fe7f0 mode 2
Event: 1247.242 Thread 0x00000233cf2050c0 Uncommon trap: trap_request=0xffffffde fr.pc=0x00000233bece32e4 relative=0x0000000000000f44
Event: 1247.242 Thread 0x00000233cf2050c0 Uncommon trap: reason=class_check action=maybe_recompile pc=0x00000233bece32e4 method=org.eclipse.jdt.internal.compiler.parser.Scanner.getNextToken()I @ 47 c2
Event: 1247.242 Thread 0x00000233cf2050c0 DEOPT PACKING pc=0x00000233bece32e4 sp=0x000000ea087fe800
Event: 1247.242 Thread 0x00000233cf2050c0 DEOPT UNPACKING pc=0x00000233be3266a3 sp=0x000000ea087fe7f0 mode 2
Event: 1247.297 Thread 0x00000233cf2050c0 Uncommon trap: trap_request=0xffffff45 fr.pc=0x00000233bee12068 relative=0x0000000000000148
Event: 1247.297 Thread 0x00000233cf2050c0 Uncommon trap: reason=unstable_if action=reinterpret pc=0x00000233bee12068 method=org.eclipse.jdt.internal.compiler.parser.ScannerHelper.toLowerCase(C)C @ 28 c2
Event: 1247.297 Thread 0x00000233cf2050c0 DEOPT PACKING pc=0x00000233bee12068 sp=0x000000ea087fe930
Event: 1247.297 Thread 0x00000233cf2050c0 DEOPT UNPACKING pc=0x00000233be3266a3 sp=0x000000ea087fe8d0 mode 2
Event: 1247.321 Thread 0x00000233cf2050c0 DEOPT PACKING pc=0x00000233b79a4b33 sp=0x000000ea087fdfd0
Event: 1247.321 Thread 0x00000233cf2050c0 DEOPT UNPACKING pc=0x00000233be326e43 sp=0x000000ea087fd4e8 mode 0
Event: 1247.370 Thread 0x00000233cf2050c0 Uncommon trap: trap_request=0xffffff45 fr.pc=0x00000233be8a7ccc relative=0x00000000000001ac
Event: 1247.370 Thread 0x00000233cf2050c0 Uncommon trap: reason=unstable_if action=reinterpret pc=0x00000233be8a7ccc method=org.eclipse.jdt.internal.core.util.DeduplicationUtil.intern(Ljava/lang/String;)Ljava/lang/String; @ 1 c2
Event: 1247.370 Thread 0x00000233cf2050c0 DEOPT PACKING pc=0x00000233be8a7ccc sp=0x000000ea087fe370
Event: 1247.370 Thread 0x00000233cf2050c0 DEOPT UNPACKING pc=0x00000233be3266a3 sp=0x000000ea087fe328 mode 2

Classes loaded (20 events):
Event: 121.246 Loading class sun/nio/fs/WindowsFileCopy
Event: 121.247 Loading class sun/nio/fs/WindowsFileCopy done
Event: 384.833 Loading class java/util/stream/Nodes$CollectorTask$OfRef
Event: 384.853 Loading class java/util/stream/Nodes$CollectorTask
Event: 384.853 Loading class java/util/stream/AbstractTask
Event: 384.854 Loading class java/util/stream/AbstractTask done
Event: 384.854 Loading class java/util/stream/Nodes$CollectorTask done
Event: 384.854 Loading class java/util/stream/Nodes$CollectorTask$OfRef done
Event: 384.855 Loading class java/util/function/LongFunction
Event: 384.855 Loading class java/util/function/LongFunction done
Event: 384.856 Loading class java/util/stream/Nodes$ConcNode
Event: 384.857 Loading class java/util/stream/Nodes$AbstractConcNode
Event: 384.857 Loading class java/util/stream/Nodes$AbstractConcNode done
Event: 384.857 Loading class java/util/stream/Nodes$ConcNode done
Event: 384.879 Loading class java/io/ObjectOutputStream$BlockDataOutputStream
Event: 384.894 Loading class java/io/ObjectOutputStream$BlockDataOutputStream done
Event: 384.895 Loading class java/io/ObjectOutputStream$HandleTable
Event: 384.895 Loading class java/io/ObjectOutputStream$HandleTable done
Event: 384.895 Loading class java/io/ObjectOutputStream$ReplaceTable
Event: 384.896 Loading class java/io/ObjectOutputStream$ReplaceTable done

Classes unloaded (8 events):
Event: 66.138 Thread 0x00000233c7f1c7a0 Unloading class 0x0000000100385800 'java/lang/invoke/LambdaForm$DMH+0x0000000100385800'
Event: 66.138 Thread 0x00000233c7f1c7a0 Unloading class 0x0000000100250400 'java/lang/invoke/LambdaForm$MH+0x0000000100250400'
Event: 66.138 Thread 0x00000233c7f1c7a0 Unloading class 0x0000000100250000 'java/lang/invoke/LambdaForm$MH+0x0000000100250000'
Event: 66.138 Thread 0x00000233c7f1c7a0 Unloading class 0x000000010024fc00 'java/lang/invoke/LambdaForm$MH+0x000000010024fc00'
Event: 66.138 Thread 0x00000233c7f1c7a0 Unloading class 0x000000010024f800 'java/lang/invoke/LambdaForm$MH+0x000000010024f800'
Event: 66.138 Thread 0x00000233c7f1c7a0 Unloading class 0x000000010024f400 'java/lang/invoke/LambdaForm$BMH+0x000000010024f400'
Event: 66.138 Thread 0x00000233c7f1c7a0 Unloading class 0x000000010024f000 'java/lang/invoke/LambdaForm$DMH+0x000000010024f000'
Event: 66.138 Thread 0x00000233c7f1c7a0 Unloading class 0x000000010024c400 'java/lang/invoke/LambdaForm$DMH+0x000000010024c400'

Classes redefined (0 events):
No events

Internal exceptions (20 events):
Event: 95.472 Thread 0x00000233cf203c80 Exception <a 'java/lang/NoSuchMethodError'{0x00000000eaee5888}: 'int java.lang.invoke.DirectMethodHandle$Holder.invokeStatic(java.lang.Object, int, java.lang.Object)'> (0x00000000eaee5888) 
thrown [s\src\hotspot\share\interpreter\linkResolver.cpp, line 759]
Event: 96.395 Thread 0x00000233cd44bc90 Implicit null exception at 0x00000233bebaf29e to 0x00000233bebaf3ec
Event: 97.094 Thread 0x00000233cd44d5e0 Exception <a 'sun/nio/fs/WindowsException'{0x00000000eab2d220}> (0x00000000eab2d220) 
thrown [s\src\hotspot\share\prims\jni.cpp, line 516]
Event: 97.094 Thread 0x00000233cd44d5e0 Exception <a 'sun/nio/fs/WindowsException'{0x00000000eab2dab8}> (0x00000000eab2dab8) 
thrown [s\src\hotspot\share\prims\jni.cpp, line 516]
Event: 97.553 Thread 0x00000233cf2046a0 Exception <a 'sun/nio/fs/WindowsException'{0x00000000eacb0760}> (0x00000000eacb0760) 
thrown [s\src\hotspot\share\prims\jni.cpp, line 516]
Event: 97.553 Thread 0x00000233cf2046a0 Exception <a 'sun/nio/fs/WindowsException'{0x00000000eacb1298}> (0x00000000eacb1298) 
thrown [s\src\hotspot\share\prims\jni.cpp, line 516]
Event: 97.554 Thread 0x00000233cf2046a0 Exception <a 'sun/nio/fs/WindowsException'{0x00000000eacb2410}> (0x00000000eacb2410) 
thrown [s\src\hotspot\share\prims\jni.cpp, line 516]
Event: 97.554 Thread 0x00000233cf2046a0 Exception <a 'sun/nio/fs/WindowsException'{0x00000000eacd66c0}> (0x00000000eacd66c0) 
thrown [s\src\hotspot\share\prims\jni.cpp, line 516]
Event: 97.555 Thread 0x00000233cf2046a0 Exception <a 'sun/nio/fs/WindowsException'{0x00000000eacd81b8}> (0x00000000eacd81b8) 
thrown [s\src\hotspot\share\prims\jni.cpp, line 516]
Event: 97.555 Thread 0x00000233cf2046a0 Exception <a 'sun/nio/fs/WindowsException'{0x00000000eacd8cf8}> (0x00000000eacd8cf8) 
thrown [s\src\hotspot\share\prims\jni.cpp, line 516]
Event: 98.266 Thread 0x00000233cd44f440 Exception <a 'sun/nio/fs/WindowsException'{0x00000000eac54058}> (0x00000000eac54058) 
thrown [s\src\hotspot\share\prims\jni.cpp, line 516]
Event: 98.266 Thread 0x00000233cd44f440 Exception <a 'sun/nio/fs/WindowsException'{0x00000000eac55328}> (0x00000000eac55328) 
thrown [s\src\hotspot\share\prims\jni.cpp, line 516]
Event: 98.504 Thread 0x00000233cd44c6b0 Exception <a 'sun/nio/fs/WindowsException'{0x00000000eab396e0}> (0x00000000eab396e0) 
thrown [s\src\hotspot\share\prims\jni.cpp, line 516]
Event: 98.504 Thread 0x00000233cd44c6b0 Exception <a 'sun/nio/fs/WindowsException'{0x00000000eab39f70}> (0x00000000eab39f70) 
thrown [s\src\hotspot\share\prims\jni.cpp, line 516]
Event: 99.954 Thread 0x00000233cd44c1a0 Implicit null exception at 0x00000233bed17cf2 to 0x00000233bed1de24
Event: 102.902 Thread 0x00000233cf203260 Exception <a 'java/lang/NoSuchMethodError'{0x00000000eabe1ac0}: 'java.lang.Object java.lang.invoke.DirectMethodHandle$Holder.invokeStatic(java.lang.Object, int, java.lang.Object, java.lang.Object, java.lang.Object, java.lang.Object)'> (0x00000000eabe1ac0) 
thrown [s\src\hotspot\share\interpreter\linkResolver.cpp, line 759]
Event: 121.247 Thread 0x00000233cd44c1a0 Exception <a 'sun/nio/fs/WindowsException'{0x00000000eab25198}> (0x00000000eab25198) 
thrown [s\src\hotspot\share\prims\jni.cpp, line 516]
Event: 384.943 Thread 0x00000233cd44ef30 Exception <a 'java/lang/NoSuchMethodError'{0x00000000ead0eff0}: 'java.lang.Object java.lang.invoke.DirectMethodHandle$Holder.newInvokeSpecial(java.lang.Object, java.lang.Object, java.lang.Object, java.lang.Object, java.lang.Object, java.lang.Object, java.lang.Object, java.lang.Object)'> (0x00000000ead0eff0) 
thrown [s\src\hotspot\share\interpreter\linkResolver.cpp, line 759]
Event: 384.944 Thread 0x00000233cd44ef30 Exception <a 'java/lang/NoSuchMethodError'{0x00000000ead147e0}: 'java.lang.Object java.lang.invoke.Invokers$Holder.linkToTargetMethod(java.lang.Object, java.lang.Object, java.lang.Object, java.lang.Object, java.lang.Object, java.lang.Object, java.lang.Object, java.lang.Object)'> (0x00000000ead147e0) 
thrown [s\src\hotspot\share\interpreter\linkResolver.cpp, line 759]
Event: 1247.500 Thread 0x00000233cd44c1a0 Exception <a 'sun/nio/fs/WindowsException'{0x00000000eab07450}> (0x00000000eab07450) 
thrown [s\src\hotspot\share\prims\jni.cpp, line 516]

VM Operations (20 events):
Event: 1247.220 Executing VM operation: HandshakeAllThreads
Event: 1247.220 Executing VM operation: HandshakeAllThreads done
Event: 1247.222 Executing VM operation: HandshakeAllThreads
Event: 1247.223 Executing VM operation: HandshakeAllThreads done
Event: 1247.230 Executing VM operation: HandshakeAllThreads
Event: 1247.231 Executing VM operation: HandshakeAllThreads done
Event: 1247.234 Executing VM operation: HandshakeAllThreads
Event: 1247.234 Executing VM operation: HandshakeAllThreads done
Event: 1247.236 Executing VM operation: HandshakeAllThreads
Event: 1247.236 Executing VM operation: HandshakeAllThreads done
Event: 1247.238 Executing VM operation: HandshakeAllThreads
Event: 1247.238 Executing VM operation: HandshakeAllThreads done
Event: 1247.239 Executing VM operation: HandshakeAllThreads
Event: 1247.239 Executing VM operation: HandshakeAllThreads done
Event: 1247.241 Executing VM operation: HandshakeAllThreads
Event: 1247.241 Executing VM operation: HandshakeAllThreads done
Event: 1247.302 Executing VM operation: HandshakeAllThreads
Event: 1247.302 Executing VM operation: HandshakeAllThreads done
Event: 1247.338 Executing VM operation: ParallelGCFailedAllocation
Event: 1247.362 Executing VM operation: ParallelGCFailedAllocation done

Events (20 events):
Event: 161.411 Thread 0x00000233cd44f440 Thread exited: 0x00000233cd44f440
Event: 161.487 Thread 0x00000233cd44e510 Thread exited: 0x00000233cd44e510
Event: 168.046 Thread 0x00000233cf203260 Thread exited: 0x00000233cf203260
Event: 181.252 Thread 0x00000233cf203770 Thread exited: 0x00000233cf203770
Event: 228.047 Thread 0x00000233cf202330 Thread exited: 0x00000233cf202330
Event: 288.057 Thread 0x00000233cf2046a0 Thread exited: 0x00000233cf2046a0
Event: 384.533 Thread 0x00000233cf203c80 Thread added: 0x00000233cf203c80
Event: 384.859 Thread 0x00000233cf203c80 Thread exited: 0x00000233cf203c80
Event: 1234.538 Thread 0x00000233cf2050c0 Thread added: 0x00000233cf2050c0
Event: 1241.856 Thread 0x00000233cf204190 Thread added: 0x00000233cf204190
Event: 1241.869 Thread 0x00000233d0b8dae0 Thread added: 0x00000233d0b8dae0
Event: 1243.940 Thread 0x00000233d0b8dae0 Thread exited: 0x00000233d0b8dae0
Event: 1247.224 Thread 0x00000233c7f82a50 flushing nmethod 0x00000233b6f32890
Event: 1247.242 Thread 0x00000233c7f82a50 flushing nmethod 0x00000233b7a4c410
Event: 1247.243 Thread 0x00000233c7f82a50 flushing nmethod 0x00000233b7a9a810
Event: 1247.243 Thread 0x00000233c7f82a50 flushing nmethod 0x00000233b7ad3090
Event: 1247.245 Thread 0x00000233c7f82a50 flushing nmethod 0x00000233b7ceba10
Event: 1247.245 Thread 0x00000233c7f82a50 flushing nmethod 0x00000233b7d81a90
Event: 1247.248 Thread 0x00000233c7f82a50 flushing nmethod 0x00000233b80c1110
Event: 1247.252 Thread 0x00000233d0b8f020 Thread added: 0x00000233d0b8f020


Dynamic libraries:
0x00007ff611a70000 - 0x00007ff611a7e000 	c:\Users\Leandro Gomes\.vscode\extensions\redhat.java-1.34.0-win32-x64\jre\17.0.12-win32-x86_64\bin\java.exe
0x00007ff872010000 - 0x00007ff872208000 	C:\WINDOWS\SYSTEM32\ntdll.dll
0x00007ff8710f0000 - 0x00007ff8711ad000 	C:\WINDOWS\System32\KERNEL32.DLL
0x00007ff86fd70000 - 0x00007ff870066000 	C:\WINDOWS\System32\KERNELBASE.dll
0x00007ff86fb20000 - 0x00007ff86fc20000 	C:\WINDOWS\System32\ucrtbase.dll
0x00007ff858dd0000 - 0x00007ff858de7000 	c:\Users\Leandro Gomes\.vscode\extensions\redhat.java-1.34.0-win32-x64\jre\17.0.12-win32-x86_64\bin\jli.dll
0x00007ff8702e0000 - 0x00007ff87047e000 	C:\WINDOWS\System32\USER32.dll
0x00007ff86f8d0000 - 0x00007ff86f8f2000 	C:\WINDOWS\System32\win32u.dll
0x00007ff8707e0000 - 0x00007ff87080c000 	C:\WINDOWS\System32\GDI32.dll
0x00007ff86f900000 - 0x00007ff86fa1a000 	C:\WINDOWS\System32\gdi32full.dll
0x00007ff86fc20000 - 0x00007ff86fcbd000 	C:\WINDOWS\System32\msvcp_win.dll
0x00007ff8581e0000 - 0x00007ff8581fb000 	c:\Users\Leandro Gomes\.vscode\extensions\redhat.java-1.34.0-win32-x64\jre\17.0.12-win32-x86_64\bin\VCRUNTIME140.dll
0x00007ff85c540000 - 0x00007ff85c7da000 	C:\WINDOWS\WinSxS\amd64_microsoft.windows.common-controls_6595b64144ccf1df_6.0.19041.3636_none_60b6a03d71f818d5\COMCTL32.dll
0x00007ff870240000 - 0x00007ff8702de000 	C:\WINDOWS\System32\msvcrt.dll
0x00007ff8708e0000 - 0x00007ff870910000 	C:\WINDOWS\System32\IMM32.DLL
0x00007ff8697d0000 - 0x00007ff8697dc000 	c:\Users\Leandro Gomes\.vscode\extensions\redhat.java-1.34.0-win32-x64\jre\17.0.12-win32-x86_64\bin\vcruntime140_1.dll
0x00007ff84bf40000 - 0x00007ff84bfcd000 	c:\Users\Leandro Gomes\.vscode\extensions\redhat.java-1.34.0-win32-x64\jre\17.0.12-win32-x86_64\bin\msvcp140.dll
0x00007ff82fe20000 - 0x00007ff830a8a000 	c:\Users\Leandro Gomes\.vscode\extensions\redhat.java-1.34.0-win32-x64\jre\17.0.12-win32-x86_64\bin\server\jvm.dll
0x00007ff871580000 - 0x00007ff87162f000 	C:\WINDOWS\System32\ADVAPI32.dll
0x00007ff8716b0000 - 0x00007ff87174c000 	C:\WINDOWS\System32\sechost.dll
0x00007ff8719b0000 - 0x00007ff871ad6000 	C:\WINDOWS\System32\RPCRT4.dll
0x00007ff870810000 - 0x00007ff87087b000 	C:\WINDOWS\System32\WS2_32.dll
0x00007ff86f4a0000 - 0x00007ff86f4eb000 	C:\WINDOWS\SYSTEM32\POWRPROF.dll
0x00007ff8607a0000 - 0x00007ff8607c7000 	C:\WINDOWS\SYSTEM32\WINMM.dll
0x00007ff860790000 - 0x00007ff86079a000 	C:\WINDOWS\SYSTEM32\VERSION.dll
0x00007ff86f480000 - 0x00007ff86f492000 	C:\WINDOWS\SYSTEM32\UMPDC.dll
0x00007ff86d5b0000 - 0x00007ff86d5c2000 	C:\WINDOWS\SYSTEM32\kernel.appcore.dll
0x00007ff865e00000 - 0x00007ff865e0a000 	c:\Users\Leandro Gomes\.vscode\extensions\redhat.java-1.34.0-win32-x64\jre\17.0.12-win32-x86_64\bin\jimage.dll
0x00007ff86ad70000 - 0x00007ff86af54000 	C:\WINDOWS\SYSTEM32\DBGHELP.DLL
0x00007ff86ad30000 - 0x00007ff86ad64000 	C:\WINDOWS\SYSTEM32\dbgcore.DLL
0x00007ff86fa90000 - 0x00007ff86fb12000 	C:\WINDOWS\System32\bcryptPrimitives.dll
0x00007ff865ac0000 - 0x00007ff865ace000 	c:\Users\Leandro Gomes\.vscode\extensions\redhat.java-1.34.0-win32-x64\jre\17.0.12-win32-x86_64\bin\instrument.dll
0x00007ff857080000 - 0x00007ff8570a5000 	c:\Users\Leandro Gomes\.vscode\extensions\redhat.java-1.34.0-win32-x64\jre\17.0.12-win32-x86_64\bin\java.dll
0x00007ff8560a0000 - 0x00007ff8560b8000 	c:\Users\Leandro Gomes\.vscode\extensions\redhat.java-1.34.0-win32-x64\jre\17.0.12-win32-x86_64\bin\zip.dll
0x00007ff870910000 - 0x00007ff871055000 	C:\WINDOWS\System32\SHELL32.dll
0x00007ff86d7b0000 - 0x00007ff86df4b000 	C:\WINDOWS\SYSTEM32\windows.storage.dll
0x00007ff870480000 - 0x00007ff8707d4000 	C:\WINDOWS\System32\combase.dll
0x00007ff86f060000 - 0x00007ff86f08d000 	C:\WINDOWS\SYSTEM32\Wldp.dll
0x00007ff8713b0000 - 0x00007ff87145d000 	C:\WINDOWS\System32\SHCORE.dll
0x00007ff871750000 - 0x00007ff8717a5000 	C:\WINDOWS\System32\shlwapi.dll
0x00007ff86f620000 - 0x00007ff86f645000 	C:\WINDOWS\SYSTEM32\profapi.dll
0x00007ff864980000 - 0x00007ff864999000 	C:\Users\Leandro Gomes\.vscode\extensions\redhat.java-1.34.0-win32-x64\jre\17.0.12-win32-x86_64\bin\net.dll
0x00007ff864c80000 - 0x00007ff864d8a000 	C:\WINDOWS\SYSTEM32\WINHTTP.dll
0x00007ff86edc0000 - 0x00007ff86ee2a000 	C:\WINDOWS\system32\mswsock.dll
0x00007ff864960000 - 0x00007ff864976000 	C:\Users\Leandro Gomes\.vscode\extensions\redhat.java-1.34.0-win32-x64\jre\17.0.12-win32-x86_64\bin\nio.dll
0x00007ff8659f0000 - 0x00007ff865a00000 	c:\Users\Leandro Gomes\.vscode\extensions\redhat.java-1.34.0-win32-x64\jre\17.0.12-win32-x86_64\bin\verify.dll
0x00007ff852f30000 - 0x00007ff852f75000 	C:\Users\Leandro Gomes\AppData\Roaming\Code\User\globalStorage\redhat.java\1.34.0\config_win\org.eclipse.equinox.launcher\org.eclipse.equinox.launcher.win32.win32.x86_64_1.2.1100.v20240722-2106\eclipse_11904.dll
0x00007ff871280000 - 0x00007ff8713ab000 	C:\WINDOWS\System32\ole32.dll
0x00007ff86efb0000 - 0x00007ff86efc8000 	C:\WINDOWS\SYSTEM32\CRYPTSP.dll
0x00007ff86e6f0000 - 0x00007ff86e724000 	C:\WINDOWS\system32\rsaenh.dll
0x00007ff86f8a0000 - 0x00007ff86f8c7000 	C:\WINDOWS\System32\bcrypt.dll
0x00007ff86f5a0000 - 0x00007ff86f5ce000 	C:\WINDOWS\SYSTEM32\USERENV.dll
0x00007ff86efd0000 - 0x00007ff86efdc000 	C:\WINDOWS\SYSTEM32\CRYPTBASE.dll
0x00007ff86eab0000 - 0x00007ff86eaeb000 	C:\WINDOWS\SYSTEM32\IPHLPAPI.DLL
0x00007ff871890000 - 0x00007ff871898000 	C:\WINDOWS\System32\NSI.dll
0x00007ff864f50000 - 0x00007ff864f67000 	C:\WINDOWS\SYSTEM32\dhcpcsvc6.DLL
0x00007ff866440000 - 0x00007ff86645d000 	C:\WINDOWS\SYSTEM32\dhcpcsvc.DLL
0x00007ff86eaf0000 - 0x00007ff86ebba000 	C:\WINDOWS\SYSTEM32\DNSAPI.dll
0x00007ff851040000 - 0x00007ff851085000 	C:\Users\Leandro Gomes\AppData\Local\Temp\jna--1849737266\jna15603195861088701166.dll
0x00007ff870220000 - 0x00007ff870228000 	C:\WINDOWS\System32\PSAPI.DLL
0x00007ff8697f0000 - 0x00007ff8697fe000 	C:\Users\Leandro Gomes\.vscode\extensions\redhat.java-1.34.0-win32-x64\jre\17.0.12-win32-x86_64\bin\sunmscapi.dll
0x00007ff86f6f0000 - 0x00007ff86f84d000 	C:\WINDOWS\System32\CRYPT32.dll
0x00007ff86f0d0000 - 0x00007ff86f0f7000 	C:\WINDOWS\SYSTEM32\ncrypt.dll
0x00007ff86f090000 - 0x00007ff86f0cb000 	C:\WINDOWS\SYSTEM32\NTASN1.dll
0x00007ff8614a0000 - 0x00007ff8614aa000 	C:\Windows\System32\rasadhlp.dll
0x00007ff861600000 - 0x00007ff861680000 	C:\WINDOWS\System32\fwpuclnt.dll
0x00007ff8697e0000 - 0x00007ff8697e9000 	C:\Users\Leandro Gomes\.vscode\extensions\redhat.java-1.34.0-win32-x64\jre\17.0.12-win32-x86_64\bin\extnet.dll

dbghelp: loaded successfully - version: 4.0.5 - missing functions: none
symbol engine: initialized successfully - sym options: 0x614 - pdb path: .;c:\Users\Leandro Gomes\.vscode\extensions\redhat.java-1.34.0-win32-x64\jre\17.0.12-win32-x86_64\bin;C:\WINDOWS\SYSTEM32;C:\WINDOWS\WinSxS\amd64_microsoft.windows.common-controls_6595b64144ccf1df_6.0.19041.3636_none_60b6a03d71f818d5;c:\Users\Leandro Gomes\.vscode\extensions\redhat.java-1.34.0-win32-x64\jre\17.0.12-win32-x86_64\bin\server;C:\Users\Leandro Gomes\AppData\Roaming\Code\User\globalStorage\redhat.java\1.34.0\config_win\org.eclipse.equinox.launcher\org.eclipse.equinox.launcher.win32.win32.x86_64_1.2.1100.v20240722-2106;C:\Users\Leandro Gomes\AppData\Local\Temp\jna--1849737266

VM Arguments:
jvm_args: --add-modules=ALL-SYSTEM --add-opens=java.base/java.util=ALL-UNNAMED --add-opens=java.base/java.lang=ALL-UNNAMED --add-opens=java.base/sun.nio.fs=ALL-UNNAMED -Declipse.application=org.eclipse.jdt.ls.core.id1 -Dosgi.bundles.defaultStartLevel=4 -Declipse.product=org.eclipse.jdt.ls.core.product -Djava.import.generatesMetadataFilesAtProjectRoot=false -DDetectVMInstallationsJob.disabled=true -Dfile.encoding=utf8 -XX:+UseParallelGC -XX:GCTimeRatio=4 -XX:AdaptiveSizePolicyWeight=90 -Dsun.zip.disableMemoryMapping=true -Xmx1G -Xms100m -Xlog:disable -javaagent:c:\Users\Leandro Gomes\.vscode\extensions\redhat.java-1.34.0-win32-x64\lombok\lombok-1.18.33.jar -XX:+HeapDumpOnOutOfMemoryError -XX:HeapDumpPath=c:\Users\Leandro Gomes\AppData\Roaming\Code\User\workspaceStorage\c661bc81296b7debc12a137b877fb620\redhat.java -Daether.dependencyCollector.impl=bf 
java_command: c:\Users\Leandro Gomes\.vscode\extensions\redhat.java-1.34.0-win32-x64\server\plugins\org.eclipse.equinox.launcher_1.6.900.v20240613-2009.jar -configuration c:\Users\Leandro Gomes\AppData\Roaming\Code\User\globalStorage\redhat.java\1.34.0\config_win -data c:\Users\Leandro Gomes\AppData\Roaming\Code\User\workspaceStorage\c661bc81296b7debc12a137b877fb620\redhat.java\jdt_ws --pipe=\\.\pipe\lsp-ca8262c5800c564fbd7d0876f5381637-sock
java_class_path (initial): c:\Users\Leandro Gomes\.vscode\extensions\redhat.java-1.34.0-win32-x64\server\plugins\org.eclipse.equinox.launcher_1.6.900.v20240613-2009.jar
Launcher Type: SUN_STANDARD

[Global flags]
    uintx AdaptiveSizePolicyWeight                 = 90                                        {product} {command line}
     intx CICompilerCount                          = 3                                         {product} {ergonomic}
    uintx GCTimeRatio                              = 4                                         {product} {command line}
     bool HeapDumpOnOutOfMemoryError               = true                                   {manageable} {command line}
    ccstr HeapDumpPath                             = c:\Users\Leandro Gomes\AppData\Roaming\Code\User\workspaceStorage\c661bc81296b7debc12a137b877fb620\redhat.java         {manageable} {command line}
   size_t InitialHeapSize                          = 104857600                                 {product} {command line}
   size_t MaxHeapSize                              = 1073741824                                {product} {command line}
   size_t MaxNewSize                               = 357564416                                 {product} {ergonomic}
   size_t MinHeapDeltaBytes                        = 524288                                    {product} {ergonomic}
   size_t MinHeapSize                              = 104857600                                 {product} {command line}
   size_t NewSize                                  = 34603008                                  {product} {ergonomic}
    uintx NonNMethodCodeHeapSize                   = 5832780                                {pd product} {ergonomic}
    uintx NonProfiledCodeHeapSize                  = 122912730                              {pd product} {ergonomic}
   size_t OldSize                                  = 70254592                                  {product} {ergonomic}
    uintx ProfiledCodeHeapSize                     = 122912730                              {pd product} {ergonomic}
    uintx ReservedCodeCacheSize                    = 251658240                              {pd product} {ergonomic}
     bool SegmentedCodeCache                       = true                                      {product} {ergonomic}
   size_t SoftMaxHeapSize                          = 1073741824                             {manageable} {ergonomic}
     bool UseCompressedClassPointers               = true                           {product lp64_product} {ergonomic}
     bool UseCompressedOops                        = true                           {product lp64_product} {ergonomic}
     bool UseLargePagesIndividualAllocation        = false                                  {pd product} {ergonomic}
     bool UseParallelGC                            = true                                      {product} {command line}

Logging:
Log output configuration:
 #0: stdout all=off uptime,level,tags
 #1: stderr all=off uptime,level,tags

Environment Variables:
PATH=C:\Program Files\Common Files\Oracle\Java\javapath;C:\WINDOWS\system32;C:\WINDOWS;C:\WINDOWS\System32\Wbem;C:\WINDOWS\System32\WindowsPowerShell\v1.0\;C:\WINDOWS\System32\OpenSSH\;C:\Program Files\nodejs\;C:\Program Files\Git\cmd;C:\Users\Leandro Gomes\AppData\Local\Microsoft\WindowsApps;;C:\Users\Leandro Gomes\AppData\Local\Programs\Microsoft VS Code\bin;C:\Users\Leandro Gomes\AppData\Roaming\npm
USERNAME=Leandro Gomes
OS=Windows_NT
PROCESSOR_IDENTIFIER=Intel64 Family 6 Model 42 Stepping 7, GenuineIntel
TMP=C:\Users\LEANDR~1\AppData\Local\Temp
TEMP=C:\Users\LEANDR~1\AppData\Local\Temp



Periodic native trim disabled


---------------  S Y S T E M  ---------------

OS:
 Windows 10 , 64 bit Build 19041 (10.0.19041.3636)
OS uptime: 11 days 4:20 hours

CPU: total 4 (initial active 4) (2 cores per cpu, 2 threads per core) family 6 model 42 stepping 7 microcode 0x2f, cx8, cmov, fxsr, ht, mmx, sse, sse2, sse3, ssse3, sse4.1, sse4.2, popcnt, tsc, tscinvbit, avx, clmul, vzeroupper, clflush
Processor Information for all 4 processors :
  Max Mhz: 2300, Current Mhz: 2300, Mhz Limit: 2300

Memory: 4k page, system-wide physical 4043M (670M free)
TotalPageFile size 11418M (AvailPageFile size 7507M)
current process WorkingSet (physical memory assigned to process): 701M, peak: 702M
current process commit charge ("private bytes"): 641M, peak: 641M

vm_info: OpenJDK 64-Bit Server VM (17.0.12+7) for windows-amd64 JRE (17.0.12+7), built on Jul 16 2024 22:08:24 by "admin" with MS VC++ 16.10 / 16.11 (VS2019)

END.
